
> src@0.1.0 make
> electron-forge make --targets @electron-forge/maker-dmg

â¯ Checking your system
â¯ Checking package manager version
âœ” Found npm@11.4.1
âœ” Checking your system
[?25hâ¯ Loading configuration
âœ” Loading configuration
â¯ Resolving make targets
â€º Making for the following targets: 
âœ” Resolving make targets
â¯ Running package command
â¯ Preparing to package application
âœ” Preparing to package application
â¯ Running packaging hooks
â¯ Running generateAssets hook
âœ” Running generateAssets hook
â¯ Running prePackage hook
âœ” Running prePackage hook
âœ” Running packaging hooks
â¯ Packaging application
â€º Determining targets...
â¯ Packaging for arm64 on darwin
â¯ Copying files
â¯ Preparing native dependencies
â¯ Finalizing package
(node:9530) [DEP0174] DeprecationWarning: Calling promisify on a function that returns a Promise is likely a mistake.
(Use `node --trace-deprecation ...` to show where the warning was created)
(node:9530) [DEP0174] DeprecationWarning: Calling promisify on a function that returns a Promise is likely a mistake.
(node:9530) [DEP0174] DeprecationWarning: Calling promisify on a function that returns a Promise is likely a mistake.
âœ” Copying files
(node:9530) [DEP0174] DeprecationWarning: Calling promisify on a function that returns a Promise is likely a mistake.
(node:9530) [DEP0174] DeprecationWarning: Calling promisify on a function that returns a Promise is likely a mistake.
(node:9530) [DEP0174] DeprecationWarning: Calling promisify on a function that returns a Promise is likely a mistake.
(node:9530) [DEP0174] DeprecationWarning: Calling promisify on a function that returns a Promise is likely a mistake.
(node:9530) [DEP0174] DeprecationWarning: Calling promisify on a function that returns a Promise is likely a mistake.
âœ” Preparing native dependencies: 2 / 2
(node:9530) [DEP0174] DeprecationWarning: Calling promisify on a function that returns a Promise is likely a mistake.
âœ… Copied Next.js build output to: /var/folders/5y/4dsntc5573b5y2chclv23yr40000gn/T/electron-packager/tmp-ObBsmq/Electron.app/Contents/Resources/app/out
âœ… Copied .env file to packaged app at: /var/folders/5y/4dsntc5573b5y2chclv23yr40000gn/T/electron-packager/tmp-ObBsmq/Electron.app/Contents/Resources/app/.env
(node:9530) [DEP0174] DeprecationWarning: Calling promisify on a function that returns a Promise is likely a mistake.
(node:9530) [DEP0174] DeprecationWarning: Calling promisify on a function that returns a Promise is likely a mistake.
âœ” Finalizing package
âœ” Packaging for arm64 on darwin
âœ” Packaging application
â¯ Running postPackage hook
âœ” Running postPackage hook
âœ” Running package command
â¯ Running preMake hook
âœ” Running preMake hook
â¯ Making distributables
(node:9530) [DEP0174] DeprecationWarning: Calling promisify on a function that returns a Promise is likely a mistake.
(node:9530) [DEP0174] DeprecationWarning: Calling promisify on a function that returns a Promise is likely a mistake.
â¯ Making a dmg distributable for darwin/arm64
âœ– Making a dmg distributable for darwin/arm64 [FAILED: Command failed: cp -R /Users/currandwyer/enai/out/Enai-darwin-arm64/Enai.app /Volumes/Enai/Enai.app
cp: /Volumes/Enai/Enai.app: Operation not permitted

]
âœ– Making distributables [FAILED: Command failed: cp -R /Users/currandwyer/enai/out/Enai-darwin-arm64/Enai.app /Volumes/Enai/Enai.app
cp: /Volumes/Enai/Enai.app: Operation not permitted

]
[?25h
An unhandled rejection has occurred inside Forge:
Error: Command failed: cp -R /Users/currandwyer/enai/out/Enai-darwin-arm64/Enai.app /Volumes/Enai/Enai.app
cp: /Volumes/Enai/Enai.app: Operation not permitted
at makeError (/Users/currandwyer/enai/node_modules/execa/index.js:174:9)
    at /Users/currandwyer/enai/node_modules/execa/index.js:278:16
    at process.processTicksAndRejections (node:internal/process/task_queues:105:5)
